[debug] [2021-03-07T15:05:27.598Z] ----------------------------------------------------------------------
[debug] [2021-03-07T15:05:27.600Z] Command:       /usr/bin/node /home/hamzaali/bin/firebase emulators:start
[debug] [2021-03-07T15:05:27.601Z] CLI Version:   9.5.0
[debug] [2021-03-07T15:05:27.601Z] Platform:      linux
[debug] [2021-03-07T15:05:27.601Z] Node Version:  v15.11.0
[debug] [2021-03-07T15:05:27.601Z] Time:          Sun Mar 07 2021 20:05:27 GMT+0500 (Pakistan Standard Time)
[debug] [2021-03-07T15:05:27.601Z] ----------------------------------------------------------------------
[debug] [2021-03-07T15:05:27.602Z] 
[debug] [2021-03-07T15:05:27.608Z] > command requires scopes: ["email","openid","https://www.googleapis.com/auth/cloudplatformprojects.readonly","https://www.googleapis.com/auth/firebase","https://www.googleapis.com/auth/cloud-platform"]
[debug] [2021-03-07T15:05:27.608Z] > authorizing via signed-in user
[info] i  emulators: Starting emulators: functions {"metadata":{"emulator":{"name":"hub"},"message":"Starting emulators: functions"}}
[debug] [2021-03-07T15:05:27.635Z] [hub] writing locator at /tmp/hub-clone-2fd2a.json
[warn] ⚠  functions: The following emulators are not running, calls to these services from the Functions emulator will affect production: auth, firestore, database, hosting, pubsub {"metadata":{"emulator":{"name":"functions"},"message":"The following emulators are not running, calls to these services from the Functions emulator will affect production: \u001b[1mauth, firestore, database, hosting, pubsub\u001b[22m"}}
[warn] ⚠  Your requested "node" version "12" doesn't match your global version "15" {"metadata":{"emulator":{"name":"functions"},"message":"Your requested \"node\" version \"12\" doesn't match your global version \"15\""}}
[debug] [2021-03-07T15:05:27.672Z] defaultcredentials: writing to file /home/hamzaali/.config/firebase/hamza54834_gmail_com_application_default_credentials.json
[debug] [2021-03-07T15:05:27.679Z] Setting GAC to /home/hamzaali/.config/firebase/hamza54834_gmail_com_application_default_credentials.json {"metadata":{"emulator":{"name":"functions"},"message":"Setting GAC to /home/hamzaali/.config/firebase/hamza54834_gmail_com_application_default_credentials.json"}}
[debug] [2021-03-07T15:05:27.683Z] >>> [apiv2][query] GET https://firebase.googleapis.com/v1beta1/projects/clone-2fd2a/adminSdkConfig [none]
[debug] [2021-03-07T15:05:28.227Z] <<< [apiv2][status] GET https://firebase.googleapis.com/v1beta1/projects/clone-2fd2a/adminSdkConfig 200
[debug] [2021-03-07T15:05:28.227Z] <<< [apiv2][body] GET https://firebase.googleapis.com/v1beta1/projects/clone-2fd2a/adminSdkConfig {"projectId":"clone-2fd2a","databaseURL":"https://clone-2fd2a-default-rtdb.firebaseio.com","storageBucket":"clone-2fd2a.appspot.com","locationId":"us-central"}
[debug] [2021-03-07T15:05:28.253Z] Ignoring unsupported arg: auto_download {"metadata":{"emulator":{"name":"ui"},"message":"Ignoring unsupported arg: auto_download"}}
[debug] [2021-03-07T15:05:28.253Z] Ignoring unsupported arg: port {"metadata":{"emulator":{"name":"ui"},"message":"Ignoring unsupported arg: port"}}
[debug] [2021-03-07T15:05:28.254Z] Starting Emulator UI with command {"binary":"node","args":["/home/hamzaali/.cache/firebase/emulators/ui-v1.4.2/server.bundle.js"],"optionalArgs":[],"joinArgs":false} {"metadata":{"emulator":{"name":"ui"},"message":"Starting Emulator UI with command {\"binary\":\"node\",\"args\":[\"/home/hamzaali/.cache/firebase/emulators/ui-v1.4.2/server.bundle.js\"],\"optionalArgs\":[],\"joinArgs\":false}"}}
[info] i  ui: Emulator UI logging to ui-debug.log {"metadata":{"emulator":{"name":"ui"},"message":"Emulator UI logging to \u001b[1mui-debug.log\u001b[22m"}}
[debug] [2021-03-07T15:05:28.374Z] Web / API server started at http://localhost:4000
 {"metadata":{"emulator":{"name":"ui"},"message":"Web / API server started at http://localhost:4000\n"}}
[info] i  functions: Watching "/home/hamzaali/Amazon-clone/my-app/functions" for Cloud Functions... {"metadata":{"emulator":{"name":"functions"},"message":"Watching \"/home/hamzaali/Amazon-clone/my-app/functions\" for Cloud Functions..."}}
[debug] [2021-03-07T15:05:28.545Z] [worker-pool] addWorker(~diagnostic~) {"metadata":{"emulator":{"name":"functions"},"message":"[worker-pool] addWorker(~diagnostic~)"}}
[debug] [2021-03-07T15:05:28.546Z] [worker-pool] Adding worker with key ~diagnostic~, total=1 {"metadata":{"emulator":{"name":"functions"},"message":"[worker-pool] Adding worker with key ~diagnostic~, total=1"}}
[debug] [2021-03-07T15:05:28.546Z] [worker-pool] submitWork(triggerId=) {"metadata":{"emulator":{"name":"functions"},"message":"[worker-pool] submitWork(triggerId=)"}}
[debug] [2021-03-07T15:05:28.547Z] [worker-~diagnostic~-36780701-afc7-4854-9316-d7c5cc251255]: Assigning socketPath: /tmp/fire_emu_10634.sock {"metadata":{"emulator":{"name":"functions"},"message":"[worker-~diagnostic~-36780701-afc7-4854-9316-d7c5cc251255]: Assigning socketPath: /tmp/fire_emu_10634.sock"}}
[debug] [2021-03-07T15:05:28.547Z] [worker-~diagnostic~-36780701-afc7-4854-9316-d7c5cc251255]: BUSY {"metadata":{"emulator":{"name":"functions"},"message":"[worker-~diagnostic~-36780701-afc7-4854-9316-d7c5cc251255]: BUSY"}}
[debug] [2021-03-07T15:05:28.708Z] [runtime-status] [10634] Functions runtime initialized. {"cwd":"/home/hamzaali/Amazon-clone/my-app/functions","node_version":"15.11.0"} {"metadata":{"emulator":{"name":"functions"},"message":"[runtime-status] [10634] Functions runtime initialized. {\"cwd\":\"/home/hamzaali/Amazon-clone/my-app/functions\",\"node_version\":\"15.11.0\"}"}}
[debug] [2021-03-07T15:05:28.711Z] [runtime-status] [10634] Disabled runtime features: undefined {"metadata":{"emulator":{"name":"functions"},"message":"[runtime-status] [10634] Disabled runtime features: undefined"}}
[debug] [2021-03-07T15:05:28.713Z] [runtime-status] [10634] Resolved module firebase-admin {"declared":true,"installed":true,"version":"9.5.0","resolution":"/home/hamzaali/Amazon-clone/my-app/functions/node_modules/firebase-admin/lib/index.js"} {"metadata":{"emulator":{"name":"functions"},"message":"[runtime-status] [10634] Resolved module firebase-admin {\"declared\":true,\"installed\":true,\"version\":\"9.5.0\",\"resolution\":\"/home/hamzaali/Amazon-clone/my-app/functions/node_modules/firebase-admin/lib/index.js\"}"}}
[debug] [2021-03-07T15:05:28.715Z] [runtime-status] [10634] Resolved module firebase-functions {"declared":true,"installed":true,"version":"3.13.2","resolution":"/home/hamzaali/Amazon-clone/my-app/functions/node_modules/firebase-functions/lib/index.js"} {"metadata":{"emulator":{"name":"functions"},"message":"[runtime-status] [10634] Resolved module firebase-functions {\"declared\":true,\"installed\":true,\"version\":\"3.13.2\",\"resolution\":\"/home/hamzaali/Amazon-clone/my-app/functions/node_modules/firebase-functions/lib/index.js\"}"}}
[debug] [2021-03-07T15:05:28.715Z] [runtime-status] [10634] Resolved module firebase-functions {"declared":true,"installed":true,"version":"3.13.2","resolution":"/home/hamzaali/Amazon-clone/my-app/functions/node_modules/firebase-functions/lib/index.js"} {"metadata":{"emulator":{"name":"functions"},"message":"[runtime-status] [10634] Resolved module firebase-functions {\"declared\":true,\"installed\":true,\"version\":\"3.13.2\",\"resolution\":\"/home/hamzaali/Amazon-clone/my-app/functions/node_modules/firebase-functions/lib/index.js\"}"}}
[debug] [2021-03-07T15:05:28.718Z] [runtime-status] [10634] Outgoing network have been stubbed. [{"name":"http","status":"mocked"},{"name":"http","status":"mocked"},{"name":"https","status":"mocked"},{"name":"https","status":"mocked"},{"name":"net","status":"mocked"}] {"metadata":{"emulator":{"name":"functions"},"message":"[runtime-status] [10634] Outgoing network have been stubbed. [{\"name\":\"http\",\"status\":\"mocked\"},{\"name\":\"http\",\"status\":\"mocked\"},{\"name\":\"https\",\"status\":\"mocked\"},{\"name\":\"https\",\"status\":\"mocked\"},{\"name\":\"net\",\"status\":\"mocked\"}]"}}
[debug] [2021-03-07T15:05:28.719Z] [runtime-status] [10634] Resolved module firebase-functions {"declared":true,"installed":true,"version":"3.13.2","resolution":"/home/hamzaali/Amazon-clone/my-app/functions/node_modules/firebase-functions/lib/index.js"} {"metadata":{"emulator":{"name":"functions"},"message":"[runtime-status] [10634] Resolved module firebase-functions {\"declared\":true,\"installed\":true,\"version\":\"3.13.2\",\"resolution\":\"/home/hamzaali/Amazon-clone/my-app/functions/node_modules/firebase-functions/lib/index.js\"}"}}
[debug] [2021-03-07T15:05:28.773Z] [runtime-status] [10634] Checked functions.config() {"config":{}} {"metadata":{"emulator":{"name":"functions"},"message":"[runtime-status] [10634] Checked functions.config() {\"config\":{}}"}}
[debug] [2021-03-07T15:05:28.774Z] [runtime-status] [10634] firebase-functions has been stubbed. {"functionsResolution":{"declared":true,"installed":true,"version":"3.13.2","resolution":"/home/hamzaali/Amazon-clone/my-app/functions/node_modules/firebase-functions/lib/index.js"}} {"metadata":{"emulator":{"name":"functions"},"message":"[runtime-status] [10634] firebase-functions has been stubbed. {\"functionsResolution\":{\"declared\":true,\"installed\":true,\"version\":\"3.13.2\",\"resolution\":\"/home/hamzaali/Amazon-clone/my-app/functions/node_modules/firebase-functions/lib/index.js\"}}"}}
[debug] [2021-03-07T15:05:28.775Z] [runtime-status] [10634] Resolved module firebase-functions {"declared":true,"installed":true,"version":"3.13.2","resolution":"/home/hamzaali/Amazon-clone/my-app/functions/node_modules/firebase-functions/lib/index.js"} {"metadata":{"emulator":{"name":"functions"},"message":"[runtime-status] [10634] Resolved module firebase-functions {\"declared\":true,\"installed\":true,\"version\":\"3.13.2\",\"resolution\":\"/home/hamzaali/Amazon-clone/my-app/functions/node_modules/firebase-functions/lib/index.js\"}"}}
[debug] [2021-03-07T15:05:28.781Z] [runtime-status] [10634] Resolved module firebase-admin {"declared":true,"installed":true,"version":"9.5.0","resolution":"/home/hamzaali/Amazon-clone/my-app/functions/node_modules/firebase-admin/lib/index.js"} {"metadata":{"emulator":{"name":"functions"},"message":"[runtime-status] [10634] Resolved module firebase-admin {\"declared\":true,\"installed\":true,\"version\":\"9.5.0\",\"resolution\":\"/home/hamzaali/Amazon-clone/my-app/functions/node_modules/firebase-admin/lib/index.js\"}"}}
[debug] [2021-03-07T15:05:28.781Z] [runtime-status] [10634] Resolved module firebase-functions {"declared":true,"installed":true,"version":"3.13.2","resolution":"/home/hamzaali/Amazon-clone/my-app/functions/node_modules/firebase-functions/lib/index.js"} {"metadata":{"emulator":{"name":"functions"},"message":"[runtime-status] [10634] Resolved module firebase-functions {\"declared\":true,\"installed\":true,\"version\":\"3.13.2\",\"resolution\":\"/home/hamzaali/Amazon-clone/my-app/functions/node_modules/firebase-functions/lib/index.js\"}"}}
[debug] [2021-03-07T15:05:28.782Z] [runtime-status] [10634] firebase-admin has been stubbed. {"adminResolution":{"declared":true,"installed":true,"version":"9.5.0","resolution":"/home/hamzaali/Amazon-clone/my-app/functions/node_modules/firebase-admin/lib/index.js"}} {"metadata":{"emulator":{"name":"functions"},"message":"[runtime-status] [10634] firebase-admin has been stubbed. {\"adminResolution\":{\"declared\":true,\"installed\":true,\"version\":\"9.5.0\",\"resolution\":\"/home/hamzaali/Amazon-clone/my-app/functions/node_modules/firebase-admin/lib/index.js\"}}"}}
[info] ✔  functions[api]: http function initialized (http://localhost:5001/clone-2fd2a/us-central1/api). {"metadata":{"emulator":{"name":"functions"},"message":"\u001b[1mhttp\u001b[22m function initialized (http://localhost:5001/clone-2fd2a/us-central1/api)."}}
[info] 
┌─────────────────────────────────────────────────────────────┐
│ ✔  All emulators ready! It is now safe to connect your app. │
│ i  View Emulator UI at http://localhost:4000                │
└─────────────────────────────────────────────────────────────┘

┌───────────┬────────────────┬─────────────────────────────────┐
│ Emulator  │ Host:Port      │ View in Emulator UI             │
├───────────┼────────────────┼─────────────────────────────────┤
│ Functions │ localhost:5001 │ http://localhost:4000/functions │
└───────────┴────────────────┴─────────────────────────────────┘
  Emulator Hub running at localhost:4400
  Other reserved ports: 4500

Issues? Report them at https://github.com/firebase/firebase-tools/issues and attach the *-debug.log files.
 
[debug] [2021-03-07T15:05:28.927Z] [worker-~diagnostic~-36780701-afc7-4854-9316-d7c5cc251255]: IDLE {"metadata":{"emulator":{"name":"functions"},"message":"[worker-~diagnostic~-36780701-afc7-4854-9316-d7c5cc251255]: IDLE"}}
[debug] [2021-03-07T15:06:26.520Z] [work-queue] {"queueLength":1,"workRunningCount":0}
[debug] [2021-03-07T15:06:26.521Z] [work-queue] {"queueLength":0,"workRunningCount":1}
[debug] [2021-03-07T15:06:26.523Z] Accepted request GET /clone-2fd2a/us-central1/api --> api
[debug] [2021-03-07T15:06:26.534Z] [worker-pool] addWorker(api) {"metadata":{"emulator":{"name":"functions"},"message":"[worker-pool] addWorker(api)"}}
[debug] [2021-03-07T15:06:26.534Z] [worker-pool] Adding worker with key api, total=1 {"metadata":{"emulator":{"name":"functions"},"message":"[worker-pool] Adding worker with key api, total=1"}}
[debug] [2021-03-07T15:06:26.535Z] [worker-pool] submitWork(triggerId=api) {"metadata":{"emulator":{"name":"functions"},"message":"[worker-pool] submitWork(triggerId=api)"}}
[debug] [2021-03-07T15:06:26.535Z] [worker-api-40ace75e-c553-4682-ba16-f26ee3493c44]: Assigning socketPath: /tmp/fire_emu_10828.sock {"metadata":{"emulator":{"name":"functions"},"message":"[worker-api-40ace75e-c553-4682-ba16-f26ee3493c44]: Assigning socketPath: /tmp/fire_emu_10828.sock"}}
[debug] [2021-03-07T15:06:26.535Z] [worker-api-40ace75e-c553-4682-ba16-f26ee3493c44]: BUSY {"metadata":{"emulator":{"name":"functions"},"message":"[worker-api-40ace75e-c553-4682-ba16-f26ee3493c44]: BUSY"}}
[debug] [2021-03-07T15:06:26.691Z] [runtime-status] [10828] Functions runtime initialized. {"cwd":"/home/hamzaali/Amazon-clone/my-app/functions","node_version":"15.11.0"} {"metadata":{"emulator":{"name":"functions"},"function":{"name":"api"},"message":"[runtime-status] [10828] Functions runtime initialized. {\"cwd\":\"/home/hamzaali/Amazon-clone/my-app/functions\",\"node_version\":\"15.11.0\"}"}}
[debug] [2021-03-07T15:06:26.694Z] [runtime-status] [10828] Disabled runtime features: undefined {"metadata":{"emulator":{"name":"functions"},"function":{"name":"api"},"message":"[runtime-status] [10828] Disabled runtime features: undefined"}}
[debug] [2021-03-07T15:06:26.698Z] [runtime-status] [10828] Resolved module firebase-admin {"declared":true,"installed":true,"version":"9.5.0","resolution":"/home/hamzaali/Amazon-clone/my-app/functions/node_modules/firebase-admin/lib/index.js"} {"metadata":{"emulator":{"name":"functions"},"function":{"name":"api"},"message":"[runtime-status] [10828] Resolved module firebase-admin {\"declared\":true,\"installed\":true,\"version\":\"9.5.0\",\"resolution\":\"/home/hamzaali/Amazon-clone/my-app/functions/node_modules/firebase-admin/lib/index.js\"}"}}
[debug] [2021-03-07T15:06:26.700Z] [runtime-status] [10828] Resolved module firebase-functions {"declared":true,"installed":true,"version":"3.13.2","resolution":"/home/hamzaali/Amazon-clone/my-app/functions/node_modules/firebase-functions/lib/index.js"} {"metadata":{"emulator":{"name":"functions"},"function":{"name":"api"},"message":"[runtime-status] [10828] Resolved module firebase-functions {\"declared\":true,\"installed\":true,\"version\":\"3.13.2\",\"resolution\":\"/home/hamzaali/Amazon-clone/my-app/functions/node_modules/firebase-functions/lib/index.js\"}"}}
[debug] [2021-03-07T15:06:26.702Z] [runtime-status] [10828] Resolved module firebase-functions {"declared":true,"installed":true,"version":"3.13.2","resolution":"/home/hamzaali/Amazon-clone/my-app/functions/node_modules/firebase-functions/lib/index.js"} {"metadata":{"emulator":{"name":"functions"},"function":{"name":"api"},"message":"[runtime-status] [10828] Resolved module firebase-functions {\"declared\":true,\"installed\":true,\"version\":\"3.13.2\",\"resolution\":\"/home/hamzaali/Amazon-clone/my-app/functions/node_modules/firebase-functions/lib/index.js\"}"}}
[debug] [2021-03-07T15:06:26.704Z] [runtime-status] [10828] Outgoing network have been stubbed. [{"name":"http","status":"mocked"},{"name":"http","status":"mocked"},{"name":"https","status":"mocked"},{"name":"https","status":"mocked"},{"name":"net","status":"mocked"}] {"metadata":{"emulator":{"name":"functions"},"function":{"name":"api"},"message":"[runtime-status] [10828] Outgoing network have been stubbed. [{\"name\":\"http\",\"status\":\"mocked\"},{\"name\":\"http\",\"status\":\"mocked\"},{\"name\":\"https\",\"status\":\"mocked\"},{\"name\":\"https\",\"status\":\"mocked\"},{\"name\":\"net\",\"status\":\"mocked\"}]"}}
[debug] [2021-03-07T15:06:26.707Z] [runtime-status] [10828] Resolved module firebase-functions {"declared":true,"installed":true,"version":"3.13.2","resolution":"/home/hamzaali/Amazon-clone/my-app/functions/node_modules/firebase-functions/lib/index.js"} {"metadata":{"emulator":{"name":"functions"},"function":{"name":"api"},"message":"[runtime-status] [10828] Resolved module firebase-functions {\"declared\":true,\"installed\":true,\"version\":\"3.13.2\",\"resolution\":\"/home/hamzaali/Amazon-clone/my-app/functions/node_modules/firebase-functions/lib/index.js\"}"}}
[debug] [2021-03-07T15:06:26.760Z] [runtime-status] [10828] Checked functions.config() {"config":{}} {"metadata":{"emulator":{"name":"functions"},"function":{"name":"api"},"message":"[runtime-status] [10828] Checked functions.config() {\"config\":{}}"}}
[debug] [2021-03-07T15:06:26.761Z] [runtime-status] [10828] firebase-functions has been stubbed. {"functionsResolution":{"declared":true,"installed":true,"version":"3.13.2","resolution":"/home/hamzaali/Amazon-clone/my-app/functions/node_modules/firebase-functions/lib/index.js"}} {"metadata":{"emulator":{"name":"functions"},"function":{"name":"api"},"message":"[runtime-status] [10828] firebase-functions has been stubbed. {\"functionsResolution\":{\"declared\":true,\"installed\":true,\"version\":\"3.13.2\",\"resolution\":\"/home/hamzaali/Amazon-clone/my-app/functions/node_modules/firebase-functions/lib/index.js\"}}"}}
[debug] [2021-03-07T15:06:26.763Z] [runtime-status] [10828] Resolved module firebase-functions {"declared":true,"installed":true,"version":"3.13.2","resolution":"/home/hamzaali/Amazon-clone/my-app/functions/node_modules/firebase-functions/lib/index.js"} {"metadata":{"emulator":{"name":"functions"},"function":{"name":"api"},"message":"[runtime-status] [10828] Resolved module firebase-functions {\"declared\":true,\"installed\":true,\"version\":\"3.13.2\",\"resolution\":\"/home/hamzaali/Amazon-clone/my-app/functions/node_modules/firebase-functions/lib/index.js\"}"}}
[debug] [2021-03-07T15:06:26.765Z] [runtime-status] [10828] Resolved module firebase-admin {"declared":true,"installed":true,"version":"9.5.0","resolution":"/home/hamzaali/Amazon-clone/my-app/functions/node_modules/firebase-admin/lib/index.js"} {"metadata":{"emulator":{"name":"functions"},"function":{"name":"api"},"message":"[runtime-status] [10828] Resolved module firebase-admin {\"declared\":true,\"installed\":true,\"version\":\"9.5.0\",\"resolution\":\"/home/hamzaali/Amazon-clone/my-app/functions/node_modules/firebase-admin/lib/index.js\"}"}}
[debug] [2021-03-07T15:06:26.765Z] [runtime-status] [10828] Resolved module firebase-functions {"declared":true,"installed":true,"version":"3.13.2","resolution":"/home/hamzaali/Amazon-clone/my-app/functions/node_modules/firebase-functions/lib/index.js"} {"metadata":{"emulator":{"name":"functions"},"function":{"name":"api"},"message":"[runtime-status] [10828] Resolved module firebase-functions {\"declared\":true,\"installed\":true,\"version\":\"3.13.2\",\"resolution\":\"/home/hamzaali/Amazon-clone/my-app/functions/node_modules/firebase-functions/lib/index.js\"}"}}
[debug] [2021-03-07T15:06:26.766Z] [runtime-status] [10828] firebase-admin has been stubbed. {"adminResolution":{"declared":true,"installed":true,"version":"9.5.0","resolution":"/home/hamzaali/Amazon-clone/my-app/functions/node_modules/firebase-admin/lib/index.js"}} {"metadata":{"emulator":{"name":"functions"},"function":{"name":"api"},"message":"[runtime-status] [10828] firebase-admin has been stubbed. {\"adminResolution\":{\"declared\":true,\"installed\":true,\"version\":\"9.5.0\",\"resolution\":\"/home/hamzaali/Amazon-clone/my-app/functions/node_modules/firebase-admin/lib/index.js\"}}"}}
[debug] [2021-03-07T15:06:26.878Z] [runtime-status] [10828] Trigger "api" has been found, beginning invocation! {"metadata":{"emulator":{"name":"functions"},"function":{"name":"api"},"message":"[runtime-status] [10828] Trigger \"api\" has been found, beginning invocation!"}}
[info] i  functions: Beginning execution of "api" {"metadata":{"emulator":{"name":"functions"},"function":{"name":"api"},"message":"Beginning execution of \"api\""}}
[debug] [2021-03-07T15:06:26.881Z] [runtime-status] [10828] triggerDefinition {"httpsTrigger":{},"name":"api","entryPoint":"api"} {"metadata":{"emulator":{"name":"functions"},"function":{"name":"api"},"message":"[runtime-status] [10828] triggerDefinition {\"httpsTrigger\":{},\"name\":\"api\",\"entryPoint\":\"api\"}"}}
[debug] [2021-03-07T15:06:26.881Z] [runtime-status] [10828] Running api in mode HTTPS {"metadata":{"emulator":{"name":"functions"},"function":{"name":"api"},"message":"[runtime-status] [10828] Running api in mode HTTPS"}}
[debug] [2021-03-07T15:06:26.885Z] [runtime-status] [10828] Attempting to listen to socketPath: /tmp/fire_emu_10828.sock {"metadata":{"emulator":{"name":"functions"},"function":{"name":"api"},"message":"[runtime-status] [10828] Attempting to listen to socketPath: /tmp/fire_emu_10828.sock"}}
[debug] [2021-03-07T15:06:26.893Z] [functions] Runtime ready! Sending request! {"metadata":{"emulator":{"name":"functions"},"message":"[functions] Runtime ready! Sending request!"}}
[debug] [2021-03-07T15:06:26.894Z] [functions] Got req.url=/clone-2fd2a/us-central1/api, mapping to path=/ {"metadata":{"emulator":{"name":"functions"},"message":"[functions] Got req.url=/clone-2fd2a/us-central1/api, mapping to path=/"}}
[debug] [2021-03-07T15:06:26.910Z] [runtime-status] [10828] Ephemeral server handling GET request {"metadata":{"emulator":{"name":"functions"},"function":{"name":"api"},"message":"[runtime-status] [10828] Ephemeral server handling GET request"}}
[debug] [2021-03-07T15:06:26.927Z] [runtime-status] [10828] Ephemeral server survived. {"metadata":{"emulator":{"name":"functions"},"function":{"name":"api"},"message":"[runtime-status] [10828] Ephemeral server survived."}}
[info] i  functions: Finished "api" in ~1s {"metadata":{"emulator":{"name":"functions"},"function":{"name":"api"},"message":"Finished \"api\" in ~1s"}}
[debug] [2021-03-07T15:06:26.951Z] [worker-api-40ace75e-c553-4682-ba16-f26ee3493c44]: IDLE {"metadata":{"emulator":{"name":"functions"},"message":"[worker-api-40ace75e-c553-4682-ba16-f26ee3493c44]: IDLE"}}
[debug] [2021-03-07T15:06:26.952Z] [work-queue] {"queueLength":0,"workRunningCount":0}
[debug] [2021-03-07T15:06:27.167Z] Functions emulator received unknown request at path /favicon.ico
